This is pdfTeX, Version 3.141592653-2.6-1.40.25 (MiKTeX 23.10.12) (preloaded format=pdflatex 2023.12.14)  15 DEC 2023 00:05
entering extended mode
 restricted \write18 enabled.
 file:line:error style messages enabled.
 %&-line parsing enabled.
**"c:/Users/leroy/OneDrive/Documents/IntroToAI/Project 3 writeup.tex"
(c:/Users/leroy/OneDrive/Documents/IntroToAI/Project 3 writeup.tex
LaTeX2e <2023-11-01>
L3 programming layer <2023-12-08>
(C:\Users\leroy\AppData\Local\Programs\MiKTeX\tex/latex/base\article.cls
Document Class: article 2023/05/17 v1.4n Standard LaTeX document class
(C:\Users\leroy\AppData\Local\Programs\MiKTeX\tex/latex/base\size10.clo
File: size10.clo 2023/05/17 v1.4n Standard LaTeX file (size option)
)
\c@part=\count187
\c@section=\count188
\c@subsection=\count189
\c@subsubsection=\count190
\c@paragraph=\count191
\c@subparagraph=\count192
\c@figure=\count193
\c@table=\count194
\abovecaptionskip=\skip48
\belowcaptionskip=\skip49
\bibindent=\dimen140
) (C:\Users\leroy\AppData\Local\Programs\MiKTeX\tex/latex/graphics\graphicx.sty
Package: graphicx 2021/09/16 v1.2d Enhanced LaTeX Graphics (DPC,SPQR)
 (C:\Users\leroy\AppData\Local\Programs\MiKTeX\tex/latex/graphics\keyval.sty
Package: keyval 2022/05/29 v1.15 key=value parser (DPC)
\KV@toks@=\toks17
) (C:\Users\leroy\AppData\Local\Programs\MiKTeX\tex/latex/graphics\graphics.sty
Package: graphics 2022/03/10 v1.4e Standard LaTeX Graphics (DPC,SPQR)
 (C:\Users\leroy\AppData\Local\Programs\MiKTeX\tex/latex/graphics\trig.sty
Package: trig 2021/08/11 v1.11 sin cos tan (DPC)
) (C:\Users\leroy\AppData\Local\Programs\MiKTeX\tex/latex/graphics-cfg\graphics.cfg
File: graphics.cfg 2016/06/04 v1.11 sample graphics configuration
)
Package graphics Info: Driver file: pdftex.def on input line 107.
 (C:\Users\leroy\AppData\Local\Programs\MiKTeX\tex/latex/graphics-def\pdftex.def
File: pdftex.def 2022/09/22 v1.2b Graphics/color driver for pdftex
))
\Gin@req@height=\dimen141
\Gin@req@width=\dimen142
) (C:\Users\leroy\AppData\Local\Programs\MiKTeX\tex/latex/float\float.sty
Package: float 2001/11/08 v1.3d Float enhancements (AL)
\c@float@type=\count195
\float@exts=\toks18
\float@box=\box51
\@float@everytoks=\toks19
\@floatcapt=\box52
) (C:\Users\leroy\AppData\Local\Programs\MiKTeX\tex/latex/l3backend\l3backend-pdftex.def
File: l3backend-pdftex.def 2023-11-09 L3 backend support: PDF output (pdfTeX)
\l__color_backend_stack_int=\count196
\l__pdf_internal_box=\box53
) (Project 3 writeup.aux)
\openout1 = `"Project 3 writeup.aux"'.

LaTeX Font Info:    Checking defaults for OML/cmm/m/it on input line 8.
LaTeX Font Info:    ... okay on input line 8.
LaTeX Font Info:    Checking defaults for OMS/cmsy/m/n on input line 8.
LaTeX Font Info:    ... okay on input line 8.
LaTeX Font Info:    Checking defaults for OT1/cmr/m/n on input line 8.
LaTeX Font Info:    ... okay on input line 8.
LaTeX Font Info:    Checking defaults for T1/cmr/m/n on input line 8.
LaTeX Font Info:    ... okay on input line 8.
LaTeX Font Info:    Checking defaults for TS1/cmr/m/n on input line 8.
LaTeX Font Info:    ... okay on input line 8.
LaTeX Font Info:    Checking defaults for OMX/cmex/m/n on input line 8.
LaTeX Font Info:    ... okay on input line 8.
LaTeX Font Info:    Checking defaults for U/cmr/m/n on input line 8.
LaTeX Font Info:    ... okay on input line 8.
 (C:\Users\leroy\AppData\Local\Programs\MiKTeX\tex/context/base/mkii\supp-pdf.mkii
[Loading MPS to PDF converter (version 2006.09.02).]
\scratchcounter=\count197
\scratchdimen=\dimen143
\scratchbox=\box54
\nofMPsegments=\count198
\nofMParguments=\count199
\everyMPshowfont=\toks20
\MPscratchCnt=\count266
\MPscratchDim=\dimen144
\MPnumerator=\count267
\makeMPintoPDFobject=\count268
\everyMPtoPDFconversion=\toks21
) (C:\Users\leroy\AppData\Local\Programs\MiKTeX\tex/latex/epstopdf-pkg\epstopdf-base.sty
Package: epstopdf-base 2020-01-24 v2.11 Base part for package epstopdf
Package epstopdf-base Info: Redefining graphics rule for `.eps' on input line 485.
 (C:\Users\leroy\AppData\Local\Programs\MiKTeX\tex/latex/00miktex\epstopdf-sys.cfg
File: epstopdf-sys.cfg 2021/03/18 v2.0 Configuration of epstopdf for MiKTeX
))
LaTeX Font Info:    External font `cmex10' loaded for size
(Font)              <12> on input line 10.
LaTeX Font Info:    External font `cmex10' loaded for size
(Font)              <8> on input line 10.
LaTeX Font Info:    External font `cmex10' loaded for size
(Font)              <6> on input line 10.

Underfull \hbox (badness 10000) in paragraph at lines 14--19

 []

LaTeX Font Info:    External font `cmex10' loaded for size
(Font)              <7> on input line 26.
LaTeX Font Info:    External font `cmex10' loaded for size
(Font)              <5> on input line 26.
[1

{C:/Users/leroy/AppData/Local/MiKTeX/fonts/map/pdftex/pdftex.map}]
Underfull \hbox (badness 10000) in paragraph at lines 36--38

 []

[2]
<output2000.png, id=18, 416.2752pt x 328.8285pt>
File: output2000.png Graphic file (type png)
<use output2000.png>
Package pdftex.def Info: output2000.png  used on input line 61.
(pdftex.def)             Requested size: 155.24895pt x 122.63803pt.
<acc2000.png, id=20, 412.6617pt x 328.8285pt>
File: acc2000.png Graphic file (type png)
<use acc2000.png>
Package pdftex.def Info: acc2000.png  used on input line 66.
(pdftex.def)             Requested size: 155.24895pt x 123.70676pt.


LaTeX Warning: `!h' float specifier changed to `!ht'.

[3]
<output2500.png, id=25, 416.2752pt x 328.8285pt>
File: output2500.png Graphic file (type png)
<use output2500.png>
Package pdftex.def Info: output2500.png  used on input line 77.
(pdftex.def)             Requested size: 155.24895pt x 122.63803pt.
<acc2500.png, id=26, 412.6617pt x 328.8285pt>
File: acc2500.png Graphic file (type png)
<use acc2500.png>
Package pdftex.def Info: acc2500.png  used on input line 82.
(pdftex.def)             Requested size: 155.24895pt x 123.70676pt.
<output3000.png, id=27, 416.2752pt x 328.8285pt>
File: output3000.png Graphic file (type png)
<use output3000.png>
Package pdftex.def Info: output3000.png  used on input line 93.
(pdftex.def)             Requested size: 155.24895pt x 122.63803pt.
<acc3000.png, id=28, 412.6617pt x 328.8285pt>
File: acc3000.png Graphic file (type png)
<use acc3000.png>
Package pdftex.def Info: acc3000.png  used on input line 98.
(pdftex.def)             Requested size: 155.24895pt x 123.70676pt.


LaTeX Warning: `!h' float specifier changed to `!ht'.

<output5000.png, id=29, 416.2752pt x 328.8285pt>
File: output5000.png Graphic file (type png)
<use output5000.png>
Package pdftex.def Info: output5000.png  used on input line 109.
(pdftex.def)             Requested size: 155.24895pt x 122.63803pt.
<acc5000.png, id=30, 412.6617pt x 328.8285pt>
File: acc5000.png Graphic file (type png)
<use acc5000.png>
Package pdftex.def Info: acc5000.png  used on input line 114.
(pdftex.def)             Requested size: 155.24895pt x 123.70676pt.

Underfull \hbox (badness 10000) in paragraph at lines 104--119

 []

[4 <./output2000.png> <./acc2000.png> <./output2500.png> <./acc2500.png>]
Underfull \hbox (badness 10000) in paragraph at lines 129--133

 []

[5 <./output3000.png> <./acc3000.png> <./output5000.png> <./acc5000.png>]
Underfull \hbox (badness 10000) in paragraph at lines 142--144

 []


Underfull \hbox (badness 10000) in paragraph at lines 145--147

 []


Underfull \hbox (badness 10000) in paragraph at lines 148--152

 []


Underfull \hbox (badness 10000) in paragraph at lines 159--160

 []

[6]
Underfull \hbox (badness 10000) in paragraph at lines 169--172

 []


Underfull \hbox (badness 10000) in paragraph at lines 181--184

 []

[7]
<loss_500.png, id=52, 406.8801pt x 327.3831pt>
File: loss_500.png Graphic file (type png)
<use loss_500.png>
Package pdftex.def Info: loss_500.png  used on input line 192.
(pdftex.def)             Requested size: 155.24895pt x 124.9164pt.
<accuracy_500.png, id=53, 409.7709pt x 327.3831pt>
File: accuracy_500.png Graphic file (type png)
<use accuracy_500.png>
Package pdftex.def Info: accuracy_500.png  used on input line 197.
(pdftex.def)             Requested size: 155.24895pt x 124.0322pt.
<loss_1000.png, id=54, 406.8801pt x 327.3831pt>
File: loss_1000.png Graphic file (type png)
<use loss_1000.png>
Package pdftex.def Info: loss_1000.png  used on input line 208.
(pdftex.def)             Requested size: 155.24895pt x 124.9164pt.
<accuracy_1000.png, id=55, 409.7709pt x 327.3831pt>
File: accuracy_1000.png Graphic file (type png)
<use accuracy_1000.png>
Package pdftex.def Info: accuracy_1000.png  used on input line 213.
(pdftex.def)             Requested size: 155.24895pt x 124.0322pt.
<loss_2500.png, id=56, 406.8801pt x 327.3831pt>
File: loss_2500.png Graphic file (type png)
<use loss_2500.png>
Package pdftex.def Info: loss_2500.png  used on input line 224.
(pdftex.def)             Requested size: 155.24895pt x 124.9164pt.
<accuracy_2500.png, id=57, 409.7709pt x 327.3831pt>
File: accuracy_2500.png Graphic file (type png)
<use accuracy_2500.png>
Package pdftex.def Info: accuracy_2500.png  used on input line 229.
(pdftex.def)             Requested size: 155.24895pt x 124.0322pt.
 [8 <./loss_500.png> <./accuracy_500.png> <./loss_1000.png> <./accuracy_1000.png>]
<loss_5000.png, id=65, 406.8801pt x 327.3831pt>
File: loss_5000.png Graphic file (type png)
<use loss_5000.png>
Package pdftex.def Info: loss_5000.png  used on input line 240.
(pdftex.def)             Requested size: 155.24895pt x 124.9164pt.
<accuracy_5000.png, id=66, 409.7709pt x 327.3831pt>
File: accuracy_5000.png Graphic file (type png)
<use accuracy_5000.png>
Package pdftex.def Info: accuracy_5000.png  used on input line 245.
(pdftex.def)             Requested size: 155.24895pt x 124.0322pt.

Underfull \hbox (badness 10000) in paragraph at lines 235--250

 []

<loss_1.0.png, id=67, 406.8801pt x 327.3831pt>
File: loss_1.0.png Graphic file (type png)
<use loss_1.0.png>
Package pdftex.def Info: loss_1.0.png  used on input line 259.
(pdftex.def)             Requested size: 155.24895pt x 124.9164pt.
<accuracy_1.0.png, id=68, 409.7709pt x 327.3831pt>
File: accuracy_1.0.png Graphic file (type png)
<use accuracy_1.0.png>
Package pdftex.def Info: accuracy_1.0.png  used on input line 264.
(pdftex.def)             Requested size: 155.24895pt x 124.0322pt.
[9 <./loss_2500.png> <./accuracy_2500.png> <./loss_5000.png> <./accuracy_5000.png>] [10 <./loss_1.0.png> <./accuracy_1.0.png>]
<tf_part1_loss.png, id=81, 409.7709pt x 312.2064pt>
File: tf_part1_loss.png Graphic file (type png)
<use tf_part1_loss.png>
Package pdftex.def Info: tf_part1_loss.png  used on input line 287.
(pdftex.def)             Requested size: 155.24895pt x 118.28236pt.
<tf_part2_loss.png, id=82, 409.7709pt x 312.2064pt>
File: tf_part2_loss.png Graphic file (type png)
<use tf_part2_loss.png>
Package pdftex.def Info: tf_part2_loss.png  used on input line 292.
(pdftex.def)             Requested size: 155.24895pt x 118.28236pt.
 [11 <./tf_part1_loss.png> <./tf_part2_loss.png>] (Project 3 writeup.aux)
 ***********
LaTeX2e <2023-11-01>
L3 programming layer <2023-12-08>
 ***********
 ) 
Here is how much of TeX's memory you used:
 1525 strings out of 474491
 26324 string characters out of 5743833
 1935473 words of memory out of 5000000
 23837 multiletter control sequences out of 15000+600000
 562324 words of font info for 50 fonts, out of 8000000 for 9000
 1141 hyphenation exceptions out of 8191
 57i,9n,65p,751b,298s stack positions out of 10000i,1000n,20000p,200000b,200000s
<C:/Users/leroy/AppData/Local/Programs/MiKTeX/fonts/type1/public/amsfonts/cm/cmbx10.pfb><C:/Users/leroy/AppData/Local/Programs/MiKTeX/fonts/type1/public/amsfonts/cm/cmbx12.pfb><C:/Users/leroy/AppData/Local/Programs/MiKTeX/fonts/type1/public/amsfonts/cm/cmex10.pfb><C:/Users/leroy/AppData/Local/Programs/MiKTeX/fonts/type1/public/amsfonts/cm/cmmi10.pfb><C:/Users/leroy/AppData/Local/Programs/MiKTeX/fonts/type1/public/amsfonts/cm/cmmi7.pfb><C:/Users/leroy/AppData/Local/Programs/MiKTeX/fonts/type1/public/amsfonts/cm/cmr10.pfb><C:/Users/leroy/AppData/Local/Programs/MiKTeX/fonts/type1/public/amsfonts/cm/cmr12.pfb><C:/Users/leroy/AppData/Local/Programs/MiKTeX/fonts/type1/public/amsfonts/cm/cmr17.pfb><C:/Users/leroy/AppData/Local/Programs/MiKTeX/fonts/type1/public/amsfonts/cm/cmr7.pfb><C:/Users/leroy/AppData/Local/Programs/MiKTeX/fonts/type1/public/amsfonts/cm/cmsy10.pfb><C:/Users/leroy/AppData/Local/Programs/MiKTeX/fonts/type1/public/amsfonts/cm/cmsy7.pfb>
Output written on "Project 3 writeup.pdf" (11 pages, 596595 bytes).
PDF statistics:
 134 PDF objects out of 1000 (max. 8388607)
 0 named destinations out of 1000 (max. 500000)
 101 words of extra memory for PDF output out of 10000 (max. 10000000)

